2016-01-08 12:14:20 - 服务启动...
2016-01-08 12:38:09 - 服务启动...
2016-01-08 12:49:00 - 服务启动...
2016-01-08 12:49:29 - 服务启动...
2016-01-08 12:49:35 - 服务启动...
2016-01-08 12:49:40 - 服务启动...
2016-01-08 12:49:53 - 服务启动...
2016-01-08 12:50:46 - 服务启动...
2016-01-08 12:53:26 - 服务启动...
2016-01-08 12:55:07 - 服务启动...
2016-01-08 13:04:50 - 服务启动...
2016-01-09 12:51:37 - 服务启动...
2016-01-09 12:51:37 auto_find_node
2016-01-09 12:51:37 join_dht
2016-01-09 12:51:37 auto_find_node
2016-01-09 12:51:37 join_dht
2016-01-09 12:51:37 auto_find_node
2016-01-09 12:51:37 join_dht
2016-01-09 12:51:37 auto_find_node
2016-01-09 12:51:37 join_dht
2016-01-09 12:51:37 find_node
2016-01-09 12:51:37 find_node
2016-01-09 12:51:37 find_node
2016-01-09 12:51:37 find_node
2016-01-09 12:51:37 find_node
2016-01-09 12:51:37 find_node
2016-01-09 12:51:37 find_node
2016-01-09 12:51:37 find_node
2016-01-09 12:51:37 find_node
2016-01-09 12:51:37 find_node
2016-01-09 12:51:37 find_node
2016-01-09 12:51:37 find_node
2016-01-09 12:51:37 find_node
2016-01-09 12:51:37 find_node
2016-01-09 12:51:37 find_node
2016-01-09 12:51:37 find_node
2016-01-09 12:51:37 find_node
2016-01-09 12:51:37 find_node
2016-01-09 12:51:37 find_node
2016-01-09 12:51:37 find_node
2016-01-09 12:52:11 - 服务启动...
2016-01-09 12:56:40 - 服务启动...
2016-01-09 12:58:40 - 服务启动...
2016-01-09 13:11:01(node_id=0feb71b3cdd1a86a6c253ec0a51a1f4961cb654c) 获取到info_hash: 51CC968ED3B702304AD57E5C225A863BF7AB374A
2016-01-09 13:11:48(node_id=568a4ca0d3d244c4397b788810099928e51d3111) 获取到info_hash: 291B2727B30DF6CD8501B9D01BBED93349460EC3
2016-01-09 13:12:16(node_id=8cc8935ed2aa3e307da3891d5b4d7065a1e979ae) 获取到info_hash: 119E672499DE097A70D4C4B60CBD71B11AACF77C
2016-01-09 13:13:24(node_id=568a4ca0d3d244c4397b788810099928e51d3111) 获取到info_hash: 02866B1D839F3542A903118E876E0A536B60400F
2016-01-09 13:14:45(node_id=568a4ca0d3d244c4397b788810099928e51d3111) 获取到info_hash: 02866B1D839F3542A903118E876E0A536B60400F
2016-01-09 13:21:55(node_id=324cb9def84d3a549b3e8a808e3b35f251900040) 获取到info_hash: 17A94BA8BF13FEC14F15975E4E562221254EC6B6
2016-01-09 13:30:57(node_id=3225498ee82631abdca14cfb7fb4bff42cf41b0d) 获取到info_hash: 12A3698722DC913F969780D19D74D30FEF3D5CCF
2016-01-09 13:45:19(node_id=14d3abd1e2d168971f6867109548b5031d886109) 获取到info_hash: 08297A5981065CA5CC00BD7EB1EA5433C7C84756
2016-01-09 13:45:31(node_id=1acbd9c36204267c1af841f47be84d6ad42f3baf) 获取到info_hash: 17A94BA8BF13FEC14F15975E4E562221254EC6B6
2016-01-09 13:46:08(node_id=14d3abd1e2d168971f6867109548b5031d886109) 获取到info_hash: 120DA80202180B4944A2346DE8825393D0D62B0B
2016-01-09 13:46:54(node_id=14d3abd1e2d168971f6867109548b5031d886109) 获取到info_hash: 120DA80202180B4944A2346DE8825393D0D62B0B
2016-01-09 13:47:24(node_id=14d3abd1e2d168971f6867109548b5031d886109) 获取到info_hash: 12A3698722DC913F969780D19D74D30FEF3D5CCF
2016-01-09 13:50:03(node_id=6374043b97f022b7cc4ee7ac9e1a887d860c75d7) 获取到info_hash: 9009B0847E85C2DF6871B198C109DEE37B7ECA52
2016-01-09 14:01:03(node_id=10f808850c3c5c5f5e72033fadf8f130e2536b0a) 获取到info_hash: 119E672499DE097A70D4C4B60CBD71B11AACF77C
2016-01-09 14:01:13(node_id=10f808850c3c5c5f5e72033fadf8f130e2536b0a) 获取到info_hash: 119E672499DE097A70D4C4B60CBD71B11AACF77C
2016-01-09 14:01:42(node_id=10f808850c3c5c5f5e72033fadf8f130e2536b0a) 获取到info_hash: 119E672499DE097A70D4C4B60CBD71B11AACF77C
2016-01-09 14:01:51(node_id=3888b11c8b20f52aae31ea8b764632c99d848197) 获取到info_hash: 10AEC2946AB5493FFDFDC05FA49A1BD10BFF74CD
2016-01-09 14:01:57(node_id=10f808850c3c5c5f5e72033fadf8f130e2536b0a) 获取到info_hash: 119E672499DE097A70D4C4B60CBD71B11AACF77C
2016-01-09 14:02:01(node_id=3888b11c8b20f52aae31ea8b764632c99d848197) 获取到info_hash: 113831C727AFD17363BC016EC8FF344DD5050664
2016-01-09 14:02:12(node_id=3888b11c8b20f52aae31ea8b764632c99d848197) 获取到info_hash: 11752F63721A9A6333D67928BD12F7AD1A10C449
2016-01-09 14:04:59(node_id=10f808850c3c5c5f5e72033fadf8f130e2536b0a) 获取到info_hash: 119E672499DE097A70D4C4B60CBD71B11AACF77C
2016-01-09 14:06:08(node_id=10f808850c3c5c5f5e72033fadf8f130e2536b0a) 获取到info_hash: 119E672499DE097A70D4C4B60CBD71B11AACF77C
2016-01-09 14:07:09(node_id=10f808850c3c5c5f5e72033fadf8f130e2536b0a) 获取到info_hash: 119E672499DE097A70D4C4B60CBD71B11AACF77C
2016-01-09 14:07:59(node_id=10f808850c3c5c5f5e72033fadf8f130e2536b0a) 获取到info_hash: 119E672499DE097A70D4C4B60CBD71B11AACF77C
2016-01-09 14:08:45(node_id=10f808850c3c5c5f5e72033fadf8f130e2536b0a) 获取到info_hash: 119E672499DE097A70D4C4B60CBD71B11AACF77C
2016-01-09 14:09:22(node_id=10f808850c3c5c5f5e72033fadf8f130e2536b0a) 获取到info_hash: 119E672499DE097A70D4C4B60CBD71B11AACF77C
2016-01-09 14:09:56(node_id=10f808850c3c5c5f5e72033fadf8f130e2536b0a) 获取到info_hash: 119E672499DE097A70D4C4B60CBD71B11AACF77C
2016-01-09 14:10:20(node_id=10f808850c3c5c5f5e72033fadf8f130e2536b0a) 获取到info_hash: 119E672499DE097A70D4C4B60CBD71B11AACF77C
2016-01-09 14:10:51(node_id=10f808850c3c5c5f5e72033fadf8f130e2536b0a) 获取到info_hash: 119E672499DE097A70D4C4B60CBD71B11AACF77C
2016-01-09 14:11:21(node_id=10f808850c3c5c5f5e72033fadf8f130e2536b0a) 获取到info_hash: 119E672499DE097A70D4C4B60CBD71B11AACF77C
2016-01-09 14:11:51(node_id=10f808850c3c5c5f5e72033fadf8f130e2536b0a) 获取到info_hash: 119E672499DE097A70D4C4B60CBD71B11AACF77C
2016-01-09 14:12:05(node_id=b9f8e000d42a375ab989e73d64e5958f367f7750) 获取到info_hash: 120DA80202180B4944A2346DE8825393D0D62B0B
2016-01-09 14:12:09(node_id=b9f8e000d42a375ab989e73d64e5958f367f7750) 获取到info_hash: 119E672499DE097A70D4C4B60CBD71B11AACF77C
2016-01-09 14:12:21(node_id=10f808850c3c5c5f5e72033fadf8f130e2536b0a) 获取到info_hash: 119E672499DE097A70D4C4B60CBD71B11AACF77C
2016-01-09 14:12:56(node_id=10f808850c3c5c5f5e72033fadf8f130e2536b0a) 获取到info_hash: 119E672499DE097A70D4C4B60CBD71B11AACF77C
2016-01-09 14:13:22(node_id=10f808850c3c5c5f5e72033fadf8f130e2536b0a) 获取到info_hash: 119E672499DE097A70D4C4B60CBD71B11AACF77C
2016-01-09 14:13:56(node_id=10f808850c3c5c5f5e72033fadf8f130e2536b0a) 获取到info_hash: 119E672499DE097A70D4C4B60CBD71B11AACF77C
2016-01-09 14:14:29(node_id=10f808850c3c5c5f5e72033fadf8f130e2536b0a) 获取到info_hash: 119E672499DE097A70D4C4B60CBD71B11AACF77C
2016-01-09 14:14:56(node_id=10f808850c3c5c5f5e72033fadf8f130e2536b0a) 获取到info_hash: 119E672499DE097A70D4C4B60CBD71B11AACF77C
2016-01-09 14:15:23(node_id=10f808850c3c5c5f5e72033fadf8f130e2536b0a) 获取到info_hash: 119E672499DE097A70D4C4B60CBD71B11AACF77C
2016-01-09 14:15:55(node_id=10f808850c3c5c5f5e72033fadf8f130e2536b0a) 获取到info_hash: 119E672499DE097A70D4C4B60CBD71B11AACF77C
2016-01-09 14:16:22(node_id=10f808850c3c5c5f5e72033fadf8f130e2536b0a) 获取到info_hash: 119E672499DE097A70D4C4B60CBD71B11AACF77C
2016-01-09 14:16:24(node_id=10f808850c3c5c5f5e72033fadf8f130e2536b0a) 获取到info_hash: 119E672499DE097A70D4C4B60CBD71B11AACF77C
2016-01-09 14:16:57(node_id=10f808850c3c5c5f5e72033fadf8f130e2536b0a) 获取到info_hash: 119E672499DE097A70D4C4B60CBD71B11AACF77C
2016-01-09 14:17:29(node_id=10f808850c3c5c5f5e72033fadf8f130e2536b0a) 获取到info_hash: 119E672499DE097A70D4C4B60CBD71B11AACF77C
2016-01-09 14:17:53(node_id=18dee706cf59ad117a8063d841cf0fa963825e76) 获取到info_hash: 17A94BA8BF13FEC14F15975E4E562221254EC6B6
2016-01-09 14:17:55(node_id=10f808850c3c5c5f5e72033fadf8f130e2536b0a) 获取到info_hash: 119E672499DE097A70D4C4B60CBD71B11AACF77C
2016-01-09 14:18:23(node_id=10f808850c3c5c5f5e72033fadf8f130e2536b0a) 获取到info_hash: 119E672499DE097A70D4C4B60CBD71B11AACF77C
2016-01-09 14:18:53(node_id=10f808850c3c5c5f5e72033fadf8f130e2536b0a) 获取到info_hash: 119E672499DE097A70D4C4B60CBD71B11AACF77C
2016-01-09 14:19:21(node_id=10f808850c3c5c5f5e72033fadf8f130e2536b0a) 获取到info_hash: 119E672499DE097A70D4C4B60CBD71B11AACF77C
2016-01-09 14:19:52(node_id=10f808850c3c5c5f5e72033fadf8f130e2536b0a) 获取到info_hash: 119E672499DE097A70D4C4B60CBD71B11AACF77C
2016-01-09 14:20:22(node_id=10f808850c3c5c5f5e72033fadf8f130e2536b0a) 获取到info_hash: 119E672499DE097A70D4C4B60CBD71B11AACF77C
2016-01-09 14:33:13(node_id=23347c864b2e1b4e6f86aea23a2fe62105bf6cc0) 获取到info_hash: 17A94BA8BF13FEC14F15975E4E562221254EC6B6
2016-01-09 14:42:17(node_id=6948115c3501a6c56f4d557b6493c52763b3c683) 获取到info_hash: 291B2727B30DF6CD8501B9D01BBED93349460EC3
2016-01-09 14:42:29(node_id=6948115c3501a6c56f4d557b6493c52763b3c683) 获取到info_hash: 291B2727B30DF6CD8501B9D01BBED93349460EC3
2016-01-09 14:42:30(node_id=6948115c3501a6c56f4d557b6493c52763b3c683) 获取到info_hash: 291B2727B30DF6CD8501B9D01BBED93349460EC3
2016-01-09 14:42:38(node_id=6948115c3501a6c56f4d557b6493c52763b3c683) 获取到info_hash: 291B2727B30DF6CD8501B9D01BBED93349460EC3
2016-01-09 14:42:48(node_id=6948115c3501a6c56f4d557b6493c52763b3c683) 获取到info_hash: 291B2727B30DF6CD8501B9D01BBED93349460EC3
2016-01-09 14:49:12(node_id=14c24ea18b47eed4068daef7ee76f53a9c1d5431) 获取到info_hash: 12D66CCDE453B829B9C94CC5BD141EEF62202636
2016-01-09 14:49:56(node_id=aad2321088617005f857888b8ecb99334782a736) 获取到info_hash: 46C344BD1FCB97F2FB0A6A24CFAAEDC1E29D7CE0
2016-01-09 14:53:33(node_id=1520666ddb14a56e1e5ae780fad23df0420d5477) 获取到info_hash: 12A3698722DC913F969780D19D74D30FEF3D5CCF
2016-01-09 14:53:48(node_id=1520666ddb14a56e1e5ae780fad23df0420d5477) 获取到info_hash: 119E672499DE097A70D4C4B60CBD71B11AACF77C
2016-01-09 14:54:21(node_id=1520666ddb14a56e1e5ae780fad23df0420d5477) 获取到info_hash: 12A3698722DC913F969780D19D74D30FEF3D5CCF
2016-01-09 14:54:23(node_id=1520666ddb14a56e1e5ae780fad23df0420d5477) 获取到info_hash: 12A3698722DC913F969780D19D74D30FEF3D5CCF
2016-01-09 14:54:35(node_id=1520666ddb14a56e1e5ae780fad23df0420d5477) 获取到info_hash: 119E672499DE097A70D4C4B60CBD71B11AACF77C
2016-01-09 14:55:05(node_id=1520666ddb14a56e1e5ae780fad23df0420d5477) 获取到info_hash: 12A3698722DC913F969780D19D74D30FEF3D5CCF
2016-01-09 14:55:20(node_id=1520666ddb14a56e1e5ae780fad23df0420d5477) 获取到info_hash: 119E672499DE097A70D4C4B60CBD71B11AACF77C
2016-01-09 14:55:50(node_id=1520666ddb14a56e1e5ae780fad23df0420d5477) 获取到info_hash: 12A3698722DC913F969780D19D74D30FEF3D5CCF
2016-01-09 15:00:26(node_id=1de5926ba53ac983450e664edefa52f076caa3e9) 获取到info_hash: 12A3698722DC913F969780D19D74D30FEF3D5CCF
2016-01-09 15:00:41(node_id=13274af40790783d4f6136776b353b0f27e52fba) 获取到info_hash: 119E672499DE097A70D4C4B60CBD71B11AACF77C
2016-01-09 15:01:11(node_id=13274af40790783d4f6136776b353b0f27e52fba) 获取到info_hash: 119E672499DE097A70D4C4B60CBD71B11AACF77C
2016-01-09 15:01:41(node_id=13274af40790783d4f6136776b353b0f27e52fba) 获取到info_hash: 119E672499DE097A70D4C4B60CBD71B11AACF77C
2016-01-09 15:02:12(node_id=13274af40790783d4f6136776b353b0f27e52fba) 获取到info_hash: 119E672499DE097A70D4C4B60CBD71B11AACF77C
2016-01-09 15:02:41(node_id=13274af40790783d4f6136776b353b0f27e52fba) 获取到info_hash: 119E672499DE097A70D4C4B60CBD71B11AACF77C
2016-01-09 15:03:11(node_id=13274af40790783d4f6136776b353b0f27e52fba) 获取到info_hash: 119E672499DE097A70D4C4B60CBD71B11AACF77C
2016-01-09 15:03:41(node_id=13274af40790783d4f6136776b353b0f27e52fba) 获取到info_hash: 119E672499DE097A70D4C4B60CBD71B11AACF77C
2016-01-09 15:04:11(node_id=13274af40790783d4f6136776b353b0f27e52fba) 获取到info_hash: 119E672499DE097A70D4C4B60CBD71B11AACF77C
2016-01-09 15:04:41(node_id=13274af40790783d4f6136776b353b0f27e52fba) 获取到info_hash: 119E672499DE097A70D4C4B60CBD71B11AACF77C
2016-01-09 15:07:13(node_id=13274af40790783d4f6136776b353b0f27e52fba) 获取到info_hash: 119E672499DE097A70D4C4B60CBD71B11AACF77C
2016-01-09 15:07:42(node_id=13274af40790783d4f6136776b353b0f27e52fba) 获取到info_hash: 119E672499DE097A70D4C4B60CBD71B11AACF77C
2016-01-09 15:08:12(node_id=13274af40790783d4f6136776b353b0f27e52fba) 获取到info_hash: 119E672499DE097A70D4C4B60CBD71B11AACF77C
2016-01-09 15:08:42(node_id=13274af40790783d4f6136776b353b0f27e52fba) 获取到info_hash: 119E672499DE097A70D4C4B60CBD71B11AACF77C
2016-01-09 15:09:12(node_id=13274af40790783d4f6136776b353b0f27e52fba) 获取到info_hash: 119E672499DE097A70D4C4B60CBD71B11AACF77C
2016-01-09 15:09:12(node_id=13274af40790783d4f6136776b353b0f27e52fba) 获取到info_hash: 119E672499DE097A70D4C4B60CBD71B11AACF77C
2016-01-09 15:09:42(node_id=13274af40790783d4f6136776b353b0f27e52fba) 获取到info_hash: 119E672499DE097A70D4C4B60CBD71B11AACF77C
2016-01-09 15:10:12(node_id=13274af40790783d4f6136776b353b0f27e52fba) 获取到info_hash: 119E672499DE097A70D4C4B60CBD71B11AACF77C
2016-01-09 15:12:37(node_id=121975ff4fa037159cb375564554482e4de7b7a4) 获取到info_hash: 119E672499DE097A70D4C4B60CBD71B11AACF77C
2016-01-09 15:13:32(node_id=118d4b0d71fd8f44a8669cb346aab6abf3da1e22) 获取到info_hash: 12A3698722DC913F969780D19D74D30FEF3D5CCF
2016-01-09 15:26:22(node_id=5af2039bb45a6f5285c4a50430642e999cc1de4f) 获取到info_hash: BF0D7D40AAFA7553B218F9BFE5491161DF0C89F6
2016-01-09 15:45:00(node_id=ec52bdb407e58599a3c3a7a507f73a5a87d8b150) 获取到info_hash: 5ECCC168C786FAD8E4FAFC1164147C3384BE4C1A
2016-01-09 15:45:07(node_id=ec52bdb407e58599a3c3a7a507f73a5a87d8b150) 获取到info_hash: 617F0B5ECA7349E6559CABEB95FF98B9643472AD
2016-01-09 15:45:15(node_id=ec52bdb407e58599a3c3a7a507f73a5a87d8b150) 获取到info_hash: 667CE8E073FF8DB5A2DBAAE45937C4C65E60C9BF
2016-01-09 15:46:03(node_id=ec52bdb407e58599a3c3a7a507f73a5a87d8b150) 获取到info_hash: 7F31F9CFCE98E2F06D591151E030AF032E19CB0E
2016-01-09 15:47:51(node_id=10f22fbb2fcde44fabca66345dd495f79e294433) 获取到info_hash: 119E672499DE097A70D4C4B60CBD71B11AACF77C
2016-01-09 15:48:57(node_id=10f22fbb2fcde44fabca66345dd495f79e294433) 获取到info_hash: 119E672499DE097A70D4C4B60CBD71B11AACF77C
2016-01-09 16:06:31(node_id=112b883ee83508ac30f8ee7b46bb1ee0839fd2fc) 获取到info_hash: 12A3698722DC913F969780D19D74D30FEF3D5CCF
2016-01-09 16:08:53(node_id=112b883ee83508ac30f8ee7b46bb1ee0839fd2fc) 获取到info_hash: 12A3698722DC913F969780D19D74D30FEF3D5CCF
2016-01-09 16:10:46(node_id=112b883ee83508ac30f8ee7b46bb1ee0839fd2fc) 获取到info_hash: 12A3698722DC913F969780D19D74D30FEF3D5CCF
2016-01-09 16:12:34(node_id=99e81d02e645e3a19a9722ddde737abea877f734) 获取到info_hash: 02866B1D839F3542A903118E876E0A536B60400F
2016-01-09 16:30:48(node_id=b1d11194e157641bd5b5141452a005fb156df8be) 获取到info_hash: 32B28A2D8E3718AFF0A35CD612DE5513FCFD95A0
2016-01-09 16:33:07(node_id=5e46c2a15fce71d53d11a4653969724960c6b903) 获取到info_hash: 01E62AC88DD22DAAA1DE7A64BA4B2E4F8E33B427
2016-01-09 16:33:23 - 服务启动...
2016-01-09 17:31:32(node_id=0b146a51184eb220bbd14a6faeb08a76552c0eb3) 获取到info_hash: 591AA78BDA1853CCB8A95407FBF4773564A959A0
2016-01-09 17:49:19(node_id=1d6f3a9018440d9ad65aa5d0bafdf784b98329dd) 获取到info_hash: 17A94BA8BF13FEC14F15975E4E562221254EC6B6
2016-01-09 18:27:41(node_id=bf166c5e0d1c06b747deb3124dc843bb8ba61f99) 获取到info_hash: 1710BC153D3316AF0C68916EA3B64CFBFBD593D1
2016-01-09 19:05:40(node_id=5faa5bfaed071ffc469cf67ca99654beae4e94ae) 获取到info_hash: 291B2727B30DF6CD8501B9D01BBED93349460EC3
2016-01-09 20:47:50(node_id=d0c7e88383cbc4e8458179e85d328121c0b27d0c) 获取到info_hash: 119E672499DE097A70D4C4B60CBD71B11AACF77C
2016-01-09 21:33:36(node_id=4922577c39b2b96135ac49771da31aabec7b4ce6) 获取到info_hash: 32B28A2D8E3718AFF0A35CD612DE5513FCFD95A0
2016-01-09 21:54:37(node_id=17192e36c210d4a943b2b3680a5902dc42f0b178) 获取到info_hash: 591AA78BDA1853CCB8A95407FBF4773564A959A0
2016-01-09 21:54:48(node_id=17192e36c210d4a943b2b3680a5902dc42f0b178) 获取到info_hash: 591AA78BDA1853CCB8A95407FBF4773564A959A0
2016-01-09 21:54:51(node_id=17192e36c210d4a943b2b3680a5902dc42f0b178) 获取到info_hash: 39B2104B460F9147BC51FE459644637251A874B3
2016-01-09 22:45:04(node_id=c18e5033308ceea688ccf7af2ba03a46e50baf9d) 获取到info_hash: 174CFAF24835B497525276A006B7EE82CA7772D8
2016-01-09 23:26:58(node_id=feafb3d0b153cdaed102d49c387d950926521115) 获取到info_hash: 1D27098C50CFCC117ECD4BF359EE42BD11112E22
2016-01-09 23:35:06(node_id=2d4a4ca275cc8bcf5ec5ddbf997b5189b1d27091) 获取到info_hash: 08297A5981065CA5CC00BD7EB1EA5433C7C84756
2016-01-10 00:14:54(node_id=9f62dc5736d30154f2c8ea86dccadff1f7a411c4) 获取到info_hash: 1C158E11A8B62A41B9BCF4EE3514E2F22FEA2D8C
2016-01-10 02:16:26(node_id=d8b8f1826585403a3c5ea9511582db1acfe52f14) 获取到info_hash: 0EB7541D33E44218FFC938713E79181797E044EE
2016-01-10 02:18:32(node_id=d8b8f1826585403a3c5ea9511582db1acfe52f14) 获取到info_hash: 0EB7541D33E44218FFC938713E79181797E044EE
2016-01-10 02:18:48(node_id=d8b8f1826585403a3c5ea9511582db1acfe52f14) 获取到info_hash: 05505533E43F066F7B85B8B792FD79DC3B717C93
2016-01-10 02:19:14(node_id=d8b8f1826585403a3c5ea9511582db1acfe52f14) 获取到info_hash: 0735F3701933C1CD02338ECB0BF3E064E0A9D07B
2016-01-10 02:19:37(node_id=d8b8f1826585403a3c5ea9511582db1acfe52f14) 获取到info_hash: 08A3ABA1F02AE8C5EEDBACD46E316A3D1B6EB777
2016-01-10 02:20:03(node_id=d8b8f1826585403a3c5ea9511582db1acfe52f14) 获取到info_hash: 0BC834471EDBAFD5879D360CBD1B21B6E451CB67
2016-01-10 06:18:10(node_id=cda7c7dc451ce8ae2c6de766000ae58f6a3135f0) 获取到info_hash: 011F9DDE6AB23BBF2F49FEF498F7CB2D29990947
2016-01-10 06:18:21(node_id=cda7c7dc451ce8ae2c6de766000ae58f6a3135f0) 获取到info_hash: 0BC834471EDBAFD5879D360CBD1B21B6E451CB67
2016-01-10 06:18:35(node_id=cda7c7dc451ce8ae2c6de766000ae58f6a3135f0) 获取到info_hash: 08297A5981065CA5CC00BD7EB1EA5433C7C84756
2016-01-10 06:19:03(node_id=cda7c7dc451ce8ae2c6de766000ae58f6a3135f0) 获取到info_hash: 0BC834471EDBAFD5879D360CBD1B21B6E451CB67
2016-01-10 08:50:32(node_id=73b2efdd4ebeb489e207bc442d6b60df47e4a1cb) 获取到info_hash: 30A92E472C0A5FE980990FFF03FDD6B301C06D52
2016-01-10 08:52:13(node_id=73b2efdd4ebeb489e207bc442d6b60df47e4a1cb) 获取到info_hash: 30A92E472C0A5FE980990FFF03FDD6B301C06D52
2016-01-10 09:28:49(node_id=abd28ae42b32114678d70d0e4dfe6a7e97742272) 获取到info_hash: 291B2727B30DF6CD8501B9D01BBED93349460EC3
2016-01-10 10:14:51(node_id=8af1c13f4a7317097645ab63ada6bd499b0ee424) 获取到info_hash: 46C344BD1FCB97F2FB0A6A24CFAAEDC1E29D7CE0
2016-01-10 11:08:03(node_id=cfb67cef568bd18ddddd3549e91e2c9ca5a8dc2a) 获取到info_hash: 1EF0453F4DAC0B460D4428A1AFF65344F1B5DA8C
2016-01-10 11:08:07(node_id=cfb67cef568bd18ddddd3549e91e2c9ca5a8dc2a) 获取到info_hash: 1F31086EEBECBF691A6E80E13E25AB722E4F33B6
2016-01-10 11:44:10(node_id=ac7ff5d9428219ddddbcdc7efed498ba377bffa5) 获取到info_hash: 6743A263E2DA2700D5328E2582B64FFFA7B7E3F0
2016-01-10 11:49:20 - 服务启动...
2016-01-10 11:50:23(node_id=813157b0f5e0e33bb3f0bf377bacaddbe7cae0b9) 获取到info_hash: DE3D21BCF46A4CDC05D52469888941842ECC564E
2016-01-10 11:58:04(node_id=f6560f4301bea3095143501702a66bc13a4de2fa) 获取到info_hash: C0796C41918019EAE539CFD16595B5F676996A66
2016-01-10 11:58:49(node_id=f6560f4301bea3095143501702a66bc13a4de2fa) 获取到info_hash: C0796C41918019EAE539CFD16595B5F676996A66
2016-01-10 12:02:11 - 服务启动...
2016-01-10 12:31:50(node_id=270619d510515045a58c1476bec8227416b425c1) 获取到info_hash: 291B2727B30DF6CD8501B9D01BBED93349460EC3
2016-01-10 12:31:52(node_id=270619d510515045a58c1476bec8227416b425c1) 获取到info_hash: 291B2727B30DF6CD8501B9D01BBED93349460EC3
2016-01-10 12:32:21(node_id=270619d510515045a58c1476bec8227416b425c1) 获取到info_hash: 291B2727B30DF6CD8501B9D01BBED93349460EC3
2016-01-10 12:33:45(node_id=270619d510515045a58c1476bec8227416b425c1) 获取到info_hash: 291B2727B30DF6CD8501B9D01BBED93349460EC3
2016-01-10 12:34:54(node_id=270619d510515045a58c1476bec8227416b425c1) 获取到info_hash: 291B2727B30DF6CD8501B9D01BBED93349460EC3
2016-01-10 12:41:49(node_id=61a3bea8452a5ad1c766102a6663ca4dbf4c312b) 获取到info_hash: 346AB05DED638930D918FFDB094B3121E1B039F2
2016-01-10 12:42:42 - 服务启动...
2016-01-10 12:44:11(node_id=61a3bea8452a5ad1c766102a6663ca4dbf4c312b) 获取到info_hash: 982E9D903D4B87E55C9F7D47ACC7D3118D07DE74
2016-01-10 12:45:18(node_id=61a3bea8452a5ad1c766102a6663ca4dbf4c312b) 获取到info_hash: 982E9D903D4B87E55C9F7D47ACC7D3118D07DE74
2016-01-10 12:45:57(node_id=fcd30765e695d0815266fb54f883bf737a8d9b65) 获取到info_hash: BF0D7D40AAFA7553B218F9BFE5491161DF0C89F6
2016-01-10 12:46:11(node_id=61a3bea8452a5ad1c766102a6663ca4dbf4c312b) 获取到info_hash: 982E9D903D4B87E55C9F7D47ACC7D3118D07DE74
2016-01-10 12:46:59(node_id=61a3bea8452a5ad1c766102a6663ca4dbf4c312b) 获取到info_hash: 982E9D903D4B87E55C9F7D47ACC7D3118D07DE74
2016-01-10 12:47:51(node_id=61a3bea8452a5ad1c766102a6663ca4dbf4c312b) 获取到info_hash: 982E9D903D4B87E55C9F7D47ACC7D3118D07DE74
2016-01-10 12:48:40(node_id=61a3bea8452a5ad1c766102a6663ca4dbf4c312b) 获取到info_hash: 982E9D903D4B87E55C9F7D47ACC7D3118D07DE74
2016-01-10 12:49:29(node_id=61a3bea8452a5ad1c766102a6663ca4dbf4c312b) 获取到info_hash: 982E9D903D4B87E55C9F7D47ACC7D3118D07DE74
2016-01-10 12:50:21(node_id=61a3bea8452a5ad1c766102a6663ca4dbf4c312b) 获取到info_hash: 982E9D903D4B87E55C9F7D47ACC7D3118D07DE74
2016-01-10 12:51:11(node_id=61a3bea8452a5ad1c766102a6663ca4dbf4c312b) 获取到info_hash: 982E9D903D4B87E55C9F7D47ACC7D3118D07DE74
2016-01-10 12:51:34(node_id=61a3bea8452a5ad1c766102a6663ca4dbf4c312b) 获取到info_hash: 982E9D903D4B87E55C9F7D47ACC7D3118D07DE74
2016-01-10 12:51:59(node_id=75331ff89a6f5909666cef8c4c77a0f018d869dd) 获取到info_hash: 9009B0847E85C2DF6871B198C109DEE37B7ECA52
2016-01-10 12:52:02(node_id=61a3bea8452a5ad1c766102a6663ca4dbf4c312b) 获取到info_hash: 982E9D903D4B87E55C9F7D47ACC7D3118D07DE74
2016-01-10 12:52:18(node_id=61a3bea8452a5ad1c766102a6663ca4dbf4c312b) 获取到info_hash: A3506859A21FE6D73207343DFE1C1E3343A79245
2016-01-10 12:52:53(node_id=61a3bea8452a5ad1c766102a6663ca4dbf4c312b) 获取到info_hash: 982E9D903D4B87E55C9F7D47ACC7D3118D07DE74
2016-01-10 12:52:54(node_id=61a3bea8452a5ad1c766102a6663ca4dbf4c312b) 获取到info_hash: BF0D7D40AAFA7553B218F9BFE5491161DF0C89F6
2016-01-10 12:53:43(node_id=61a3bea8452a5ad1c766102a6663ca4dbf4c312b) 获取到info_hash: 982E9D903D4B87E55C9F7D47ACC7D3118D07DE74
2016-01-10 12:54:30(node_id=61a3bea8452a5ad1c766102a6663ca4dbf4c312b) 获取到info_hash: 982E9D903D4B87E55C9F7D47ACC7D3118D07DE74
2016-01-10 12:54:45 - 服务启动...
2016-01-10 12:55:24(node_id=61a3bea8452a5ad1c766102a6663ca4dbf4c312b) 获取到info_hash: 982E9D903D4B87E55C9F7D47ACC7D3118D07DE74
2016-01-10 13:01:42(node_id=b0ce659f1c75b2983a9c1dc80ccc6e02ec63b5be) 获取到info_hash: BEC70667D2507D2D026DD33495D227DACA51ED29
2016-01-10 13:10:23 - 服务启动...
2016-01-10 13:10:46 - 服务启动...
